Using pre-set license
Built from '2020.2/staging' branch; Version is '2020.2.3f1 (8ff31bc5bf5b) revision 9433883'; Using compiler version '192528614'; Build Type 'Release'
OS: 'Windows 10 Home; OS build 19042.804; Version 2009; 64bit' Language: 'en' Physical Memory: 16328 MB
BatchMode: 1, IsHumanControllingUs: 0, StartBugReporterOnCrash: 0, Is64bit: 1, IsPro: 0

 COMMAND LINE ARGUMENTS:
C:\Program Files\Unity\Hub\Editor\2020.2.3f1\Editor\Unity.exe
-adb2
-batchMode
-noUpm
-name
AssetImportWorker0
-projectPath
C:/Users/maddy/Desktop/unityAflevering1
-logFile
Logs/AssetImportWorker0.log
-srvPort
50198
Successfully changed project path to: C:/Users/maddy/Desktop/unityAflevering1
C:/Users/maddy/Desktop/unityAflevering1
Using Asset Import Pipeline V2.
Refreshing native plugins compatible for Editor in 31.86 ms, found 0 plugins.
Preloading 0 native plugins for Editor in 0.00 ms.
Initialize engine version: 2020.2.3f1 (8ff31bc5bf5b)
[Subsystems] Discovering subsystems at path C:/Program Files/Unity/Hub/Editor/2020.2.3f1/Editor/Data/Resources/UnitySubsystems
[Subsystems] Discovering subsystems at path C:/Users/maddy/Desktop/unityAflevering1/Assets
GfxDevice: creating device client; threaded=0
Direct3D:
    Version:  Direct3D 11.0 [level 11.1]
    Renderer: NVIDIA GeForce GTX 970 (ID=0x13c2)
    Vendor:   
    VRAM:     4043 MB
    Driver:   27.21.14.5730
Initialize mono
Mono path[0] = 'C:/Program Files/Unity/Hub/Editor/2020.2.3f1/Editor/Data/Managed'
Mono path[1] = 'C:/Program Files/Unity/Hub/Editor/2020.2.3f1/Editor/Data/MonoBleedingEdge/lib/mono/unityjit'
Mono config path = 'C:/Program Files/Unity/Hub/Editor/2020.2.3f1/Editor/Data/MonoBleedingEdge/etc'
Using monoOptions --debugger-agent=transport=dt_socket,embedding=1,server=y,suspend=n,address=127.0.0.1:56600
Begin MonoManager ReloadAssembly
Registering precompiled unity dll's ...
Register platform support module: C:/Program Files/Unity/Hub/Editor/2020.2.3f1/Editor/Data/PlaybackEngines/WindowsStandaloneSupport/UnityEditor.WindowsStandalone.Extensions.dll
Registered in 0.002342 seconds.
Native extension for WindowsStandalone target not found
Refreshing native plugins compatible for Editor in 32.87 ms, found 0 plugins.
Preloading 0 native plugins for Editor in 0.00 ms.
Invoked RoslynAnalysisRunner static constructor.
RoslynAnalysisRunner will not be running.
RoslynAnalysisRunner has terminated.
Mono: successfully reloaded assembly
- Completed reload, in  2.276 seconds
Platform modules already initialized, skipping
Registering precompiled user dll's ...
Registered in 0.000894 seconds.
Begin MonoManager ReloadAssembly
Native extension for WindowsStandalone target not found
Refreshing native plugins compatible for Editor in 32.58 ms, found 0 plugins.
Preloading 0 native plugins for Editor in 0.00 ms.
Invoked RoslynAnalysisRunner static constructor.
RoslynAnalysisRunner will not be running.
RoslynAnalysisRunner has terminated.
Mono: successfully reloaded assembly
- Completed reload, in  1.220 seconds
Platform modules already initialized, skipping
========================================================================
Worker process is ready to serve import requests
Launched and connected shader compiler UnityShaderCompiler.exe after 0.06 seconds
Refreshing native plugins compatible for Editor in 0.44 ms, found 0 plugins.
Preloading 0 native plugins for Editor in 0.00 ms.
Unloading 1374 Unused Serialized files (Serialized files now loaded: 0)
System memory in use before: 78.4 MB.
System memory in use after: 78.4 MB.

Unloading 11 unused Assets to reduce memory usage. Loaded Objects now: 1836.
Total: 1.920300 ms (FindLiveObjects: 0.164800 ms CreateObjectMapping: 0.053000 ms MarkObjects: 1.612600 ms  DeleteObjects: 0.088800 ms)

========================================================================
Received Import Request.
  path: Assets/Materials
  artifactKey: Guid(ba36d33c479938541a1c0a073e34ef74) Importer(815301076,1909f56bfc062723c751e8b465ee728b)
Start importing Assets/Materials using Guid(ba36d33c479938541a1c0a073e34ef74) Importer(815301076,1909f56bfc062723c751e8b465ee728b)  -> (artifact id: '73624ddb0ba9820895e9eebd366b58da') in 0.010953 seconds
  Import took 0.014389 seconds .

========================================================================
Received Import Request.
  Time since last request: 13.246560 seconds.
  path: Assets/Materials/New Material.mat
  artifactKey: Guid(646694c47cfd52b49a29da94801b9a5d) Importer(815301076,1909f56bfc062723c751e8b465ee728b)
Start importing Assets/Materials/New Material.mat using Guid(646694c47cfd52b49a29da94801b9a5d) Importer(815301076,1909f56bfc062723c751e8b465ee728b)  -> (artifact id: '9fb937f7d038695be806c8f160b53f4f') in 0.121364 seconds
  Import took 0.123913 seconds .

========================================================================
Received Import Request.
  Time since last request: 112.878754 seconds.
  path: Assets/Materials/New Material.mat
  artifactKey: Guid(646694c47cfd52b49a29da94801b9a5d) Importer(815301076,1909f56bfc062723c751e8b465ee728b)
Start importing Assets/Materials/New Material.mat using Guid(646694c47cfd52b49a29da94801b9a5d) Importer(815301076,1909f56bfc062723c751e8b465ee728b)  -> (artifact id: '6330f56489a9936540e3acc26b161ed7') in 0.018680 seconds
  Import took 0.022395 seconds .

AssetImportWorkerClient::OnTransportError - code=2 error=End of file
